CRITICAL - 2023-09-18 11:53:22 --> Call to undefined function sesision()
in APPPATH\Views\back\usuario\registro.php on line 15.
 1 SYSTEMPATH\View\View.php(224): include()
 2 SYSTEMPATH\View\View.php(227): CodeIgniter\View\View->CodeIgniter\View\{closure}()
 3 SYSTEMPATH\Common.php(1176): CodeIgniter\View\View->render('back/usuario/registro', [], true)
 4 APPPATH\Controllers\Home.php(48): view('back/usuario/registro')
 5 SYSTEMPATH\CodeIgniter.php(932): App\Controllers\Home->registrarse()
 6 SYSTEMPATH\CodeIgniter.php(497): CodeIgniter\CodeIgniter->runController(Object(App\Controllers\Home))
 7 SYSTEMPATH\CodeIgniter.php(366): CodeIgniter\CodeIgniter->handleRequest(null, Object(Config\Cache), false)
 8 FCPATH\index.php(67): CodeIgniter\CodeIgniter->run()
CRITICAL - 2023-09-18 11:53:25 --> Call to undefined function sesision()
in APPPATH\Views\back\usuario\registro.php on line 15.
 1 SYSTEMPATH\View\View.php(224): include()
 2 SYSTEMPATH\View\View.php(227): CodeIgniter\View\View->CodeIgniter\View\{closure}()
 3 SYSTEMPATH\Common.php(1176): CodeIgniter\View\View->render('back/usuario/registro', [], true)
 4 APPPATH\Controllers\Home.php(48): view('back/usuario/registro')
 5 SYSTEMPATH\CodeIgniter.php(932): App\Controllers\Home->registrarse()
 6 SYSTEMPATH\CodeIgniter.php(497): CodeIgniter\CodeIgniter->runController(Object(App\Controllers\Home))
 7 SYSTEMPATH\CodeIgniter.php(366): CodeIgniter\CodeIgniter->handleRequest(null, Object(Config\Cache), false)
 8 FCPATH\index.php(67): CodeIgniter\CodeIgniter->run()
CRITICAL - 2023-09-18 11:54:39 --> Call to undefined function sesision()
in APPPATH\Views\back\usuario\registro.php on line 15.
 1 SYSTEMPATH\View\View.php(224): include()
 2 SYSTEMPATH\View\View.php(227): CodeIgniter\View\View->CodeIgniter\View\{closure}()
 3 SYSTEMPATH\Common.php(1176): CodeIgniter\View\View->render('back/usuario/registro', [], true)
 4 APPPATH\Controllers\Home.php(48): view('back/usuario/registro')
 5 SYSTEMPATH\CodeIgniter.php(932): App\Controllers\Home->registrarse()
 6 SYSTEMPATH\CodeIgniter.php(497): CodeIgniter\CodeIgniter->runController(Object(App\Controllers\Home))
 7 SYSTEMPATH\CodeIgniter.php(366): CodeIgniter\CodeIgniter->handleRequest(null, Object(Config\Cache), false)
 8 FCPATH\index.php(67): CodeIgniter\CodeIgniter->run()
CRITICAL - 2023-09-18 11:55:10 --> Call to undefined function sesision()
in APPPATH\Views\back\usuario\registro.php on line 15.
 1 SYSTEMPATH\View\View.php(224): include()
 2 SYSTEMPATH\View\View.php(227): CodeIgniter\View\View->CodeIgniter\View\{closure}()
 3 SYSTEMPATH\Common.php(1176): CodeIgniter\View\View->render('back/usuario/registro', [], true)
 4 APPPATH\Controllers\Home.php(48): view('back/usuario/registro')
 5 SYSTEMPATH\CodeIgniter.php(932): App\Controllers\Home->registrarse()
 6 SYSTEMPATH\CodeIgniter.php(497): CodeIgniter\CodeIgniter->runController(Object(App\Controllers\Home))
 7 SYSTEMPATH\CodeIgniter.php(366): CodeIgniter\CodeIgniter->handleRequest(null, Object(Config\Cache), false)
 8 FCPATH\index.php(67): CodeIgniter\CodeIgniter->run()
CRITICAL - 2023-09-18 11:55:17 --> Call to undefined function sesision()
in APPPATH\Views\back\usuario\registro.php on line 15.
 1 SYSTEMPATH\View\View.php(224): include()
 2 SYSTEMPATH\View\View.php(227): CodeIgniter\View\View->CodeIgniter\View\{closure}()
 3 SYSTEMPATH\Common.php(1176): CodeIgniter\View\View->render('back/usuario/registro', [], true)
 4 APPPATH\Controllers\Home.php(48): view('back/usuario/registro')
 5 SYSTEMPATH\CodeIgniter.php(932): App\Controllers\Home->registrarse()
 6 SYSTEMPATH\CodeIgniter.php(497): CodeIgniter\CodeIgniter->runController(Object(App\Controllers\Home))
 7 SYSTEMPATH\CodeIgniter.php(366): CodeIgniter\CodeIgniter->handleRequest(null, Object(Config\Cache), false)
 8 FCPATH\index.php(67): CodeIgniter\CodeIgniter->run()
CRITICAL - 2023-09-18 11:55:26 --> Call to undefined function sesision()
in APPPATH\Views\back\usuario\registro.php on line 15.
 1 SYSTEMPATH\View\View.php(224): include()
 2 SYSTEMPATH\View\View.php(227): CodeIgniter\View\View->CodeIgniter\View\{closure}()
 3 SYSTEMPATH\Common.php(1176): CodeIgniter\View\View->render('back/usuario/registro', [], true)
 4 APPPATH\Controllers\Home.php(48): view('back/usuario/registro')
 5 SYSTEMPATH\CodeIgniter.php(932): App\Controllers\Home->registrarse()
 6 SYSTEMPATH\CodeIgniter.php(497): CodeIgniter\CodeIgniter->runController(Object(App\Controllers\Home))
 7 SYSTEMPATH\CodeIgniter.php(366): CodeIgniter\CodeIgniter->handleRequest(null, Object(Config\Cache), false)
 8 FCPATH\index.php(67): CodeIgniter\CodeIgniter->run()
CRITICAL - 2023-09-18 11:55:32 --> syntax error, unexpected 'endif' (T_ENDIF), expecting end of file
in APPPATH\Views\back\usuario\login.php on line 9.
 1 SYSTEMPATH\View\View.php(227): CodeIgniter\View\View->CodeIgniter\View\{closure}()
 2 SYSTEMPATH\Common.php(1176): CodeIgniter\View\View->render('back/usuario/login', [], true)
 3 APPPATH\Controllers\Home.php(57): view('back/usuario/login')
 4 SYSTEMPATH\CodeIgniter.php(932): App\Controllers\Home->login()
 5 SYSTEMPATH\CodeIgniter.php(497): CodeIgniter\CodeIgniter->runController(Object(App\Controllers\Home))
 6 SYSTEMPATH\CodeIgniter.php(366): CodeIgniter\CodeIgniter->handleRequest(null, Object(Config\Cache), false)
 7 FCPATH\index.php(67): CodeIgniter\CodeIgniter->run()
CRITICAL - 2023-09-18 11:55:40 --> Call to undefined function sesision()
in APPPATH\Views\back\usuario\registro.php on line 15.
 1 SYSTEMPATH\View\View.php(224): include()
 2 SYSTEMPATH\View\View.php(227): CodeIgniter\View\View->CodeIgniter\View\{closure}()
 3 SYSTEMPATH\Common.php(1176): CodeIgniter\View\View->render('back/usuario/registro', [], true)
 4 APPPATH\Controllers\Home.php(48): view('back/usuario/registro')
 5 SYSTEMPATH\CodeIgniter.php(932): App\Controllers\Home->registrarse()
 6 SYSTEMPATH\CodeIgniter.php(497): CodeIgniter\CodeIgniter->runController(Object(App\Controllers\Home))
 7 SYSTEMPATH\CodeIgniter.php(366): CodeIgniter\CodeIgniter->handleRequest(null, Object(Config\Cache), false)
 8 FCPATH\index.php(67): CodeIgniter\CodeIgniter->run()
CRITICAL - 2023-09-18 17:44:40 --> syntax error, unexpected 'else' (T_ELSE), expecting end of file
in APPPATH\Views\front\navbar_view.php on line 73.
 1 SYSTEMPATH\View\View.php(227): CodeIgniter\View\View->CodeIgniter\View\{closure}()
 2 SYSTEMPATH\Common.php(1176): CodeIgniter\View\View->render('front/navbar_view', [], true)
 3 APPPATH\Controllers\Home.php(47): view('front/navbar_view')
 4 SYSTEMPATH\CodeIgniter.php(932): App\Controllers\Home->registrarse()
 5 SYSTEMPATH\CodeIgniter.php(497): CodeIgniter\CodeIgniter->runController(Object(App\Controllers\Home))
 6 SYSTEMPATH\CodeIgniter.php(366): CodeIgniter\CodeIgniter->handleRequest(null, Object(Config\Cache), false)
 7 FCPATH\index.php(67): CodeIgniter\CodeIgniter->run()
CRITICAL - 2023-09-18 17:44:57 --> syntax error, unexpected 'elseif' (T_ELSEIF), expecting end of file
in APPPATH\Views\front\navbar_view.php on line 49.
 1 SYSTEMPATH\View\View.php(227): CodeIgniter\View\View->CodeIgniter\View\{closure}()
 2 SYSTEMPATH\Common.php(1176): CodeIgniter\View\View->render('front/navbar_view', [], true)
 3 APPPATH\Controllers\Home.php(47): view('front/navbar_view')
 4 SYSTEMPATH\CodeIgniter.php(932): App\Controllers\Home->registrarse()
 5 SYSTEMPATH\CodeIgniter.php(497): CodeIgniter\CodeIgniter->runController(Object(App\Controllers\Home))
 6 SYSTEMPATH\CodeIgniter.php(366): CodeIgniter\CodeIgniter->handleRequest(null, Object(Config\Cache), false)
 7 FCPATH\index.php(67): CodeIgniter\CodeIgniter->run()
