INFO - 2023-09-21 11:52:24 --> Session: Class initialized using 'CodeIgniter\Session\Handlers\FileHandler' driver.
INFO - 2023-09-21 11:52:44 --> Session: Class initialized using 'CodeIgniter\Session\Handlers\FileHandler' driver.
ERROR - 2023-09-21 11:53:02 --> mysqli_sql_exception: Table 'bechardo_s.usuario' doesn't exist in C:\xampp\htdocs\primer_proyecto\system\Database\MySQLi\Connection.php:295
Stack trace:
#0 C:\xampp\htdocs\primer_proyecto\system\Database\MySQLi\Connection.php(295): mysqli->query('SELECT 1\nFROM `...', 0)
#1 C:\xampp\htdocs\primer_proyecto\system\Database\BaseConnection.php(692): CodeIgniter\Database\MySQLi\Connection->execute('SELECT 1\nFROM `...')
#2 C:\xampp\htdocs\primer_proyecto\system\Database\BaseConnection.php(606): CodeIgniter\Database\BaseConnection->simpleQuery('SELECT 1\nFROM `...')
#3 C:\xampp\htdocs\primer_proyecto\system\Database\BaseBuilder.php(1616): CodeIgniter\Database\BaseConnection->query('SELECT 1\nFROM `...', Array, false)
#4 C:\xampp\htdocs\primer_proyecto\system\Validation\StrictRules\Rules.php(206): CodeIgniter\Database\BaseBuilder->get()
#5 C:\xampp\htdocs\primer_proyecto\system\Validation\Validation.php(278): CodeIgniter\Validation\StrictRules\Rules->is_unique('sofibechardo@gm...', 'email', Array, NULL, 'email')
#6 C:\xampp\htdocs\primer_proyecto\system\Validation\Validation.php(182): CodeIgniter\Validation\Validation->processRules('email', 'email', 'sofibechardo@gm...', Array, Array)
#7 C:\xampp\htdocs\primer_proyecto\system\Controller.php(141): CodeIgniter\Validation\Validation->run()
#8 C:\xampp\htdocs\primer_proyecto\app\Controllers\usuario_controller.php(22): CodeIgniter\Controller->validate(Array)
#9 C:\xampp\htdocs\primer_proyecto\system\CodeIgniter.php(932): App\Controllers\usuario_controller->formValidation()
#10 C:\xampp\htdocs\primer_proyecto\system\CodeIgniter.php(497): CodeIgniter\CodeIgniter->runController(Object(App\Controllers\usuario_controller))
#11 C:\xampp\htdocs\primer_proyecto\system\CodeIgniter.php(366): CodeIgniter\CodeIgniter->handleRequest(NULL, Object(Config\Cache), false)
#12 C:\xampp\htdocs\primer_proyecto\index.php(67): CodeIgniter\CodeIgniter->run()
#13 {main}
CRITICAL - 2023-09-21 11:53:02 --> Table 'bechardo_s.usuario' doesn't exist
in SYSTEMPATH\Database\MySQLi\Connection.php on line 295.
 1 SYSTEMPATH\Database\MySQLi\Connection.php(295): mysqli->query('SELECT 1
FROM `usuario`
WHERE `email` = \'sofibechardo@gmail.com\'
 LIMIT 1', 0)
 2 SYSTEMPATH\Database\BaseConnection.php(692): CodeIgniter\Database\MySQLi\Connection->execute('SELECT 1
FROM `usuario`
WHERE `email` = \'sofibechardo@gmail.com\'
 LIMIT 1')
 3 SYSTEMPATH\Database\BaseConnection.php(606): CodeIgniter\Database\BaseConnection->simpleQuery('SELECT 1
FROM `usuario`
WHERE `email` = \'sofibechardo@gmail.com\'
 LIMIT 1')
 4 SYSTEMPATH\Database\BaseBuilder.php(1616): CodeIgniter\Database\BaseConnection->query('SELECT 1
FROM `usuario`
WHERE `email` = :email:
 LIMIT 1', [...], false)
 5 SYSTEMPATH\Validation\StrictRules\Rules.php(206): CodeIgniter\Database\BaseBuilder->get()
 6 SYSTEMPATH\Validation\Validation.php(278): CodeIgniter\Validation\StrictRules\Rules->is_unique('sofibechardo@gmail.com', 'email', [...], null, 'email')
 7 SYSTEMPATH\Validation\Validation.php(182): CodeIgniter\Validation\Validation->processRules('email', 'email', 'sofibechardo@gmail.com', [...], [...])
 8 SYSTEMPATH\Controller.php(141): CodeIgniter\Validation\Validation->run()
 9 APPPATH\Controllers\usuario_controller.php(22): CodeIgniter\Controller->validate([...])
10 SYSTEMPATH\CodeIgniter.php(932): App\Controllers\usuario_controller->formValidation()
11 SYSTEMPATH\CodeIgniter.php(497): CodeIgniter\CodeIgniter->runController(Object(App\Controllers\usuario_controller))
12 SYSTEMPATH\CodeIgniter.php(366): CodeIgniter\CodeIgniter->handleRequest(null, Object(Config\Cache), false)
13 FCPATH\index.php(67): CodeIgniter\CodeIgniter->run()
INFO - 2023-09-21 16:40:30 --> Session: Class initialized using 'CodeIgniter\Session\Handlers\FileHandler' driver.
ERROR - 2023-09-21 16:40:57 --> mysqli_sql_exception: Table 'bechardo_s.usuario' doesn't exist in C:\xampp\htdocs\primer_proyecto\system\Database\MySQLi\Connection.php:295
Stack trace:
#0 C:\xampp\htdocs\primer_proyecto\system\Database\MySQLi\Connection.php(295): mysqli->query('SELECT 1\nFROM `...', 0)
#1 C:\xampp\htdocs\primer_proyecto\system\Database\BaseConnection.php(692): CodeIgniter\Database\MySQLi\Connection->execute('SELECT 1\nFROM `...')
#2 C:\xampp\htdocs\primer_proyecto\system\Database\BaseConnection.php(606): CodeIgniter\Database\BaseConnection->simpleQuery('SELECT 1\nFROM `...')
#3 C:\xampp\htdocs\primer_proyecto\system\Database\BaseBuilder.php(1616): CodeIgniter\Database\BaseConnection->query('SELECT 1\nFROM `...', Array, false)
#4 C:\xampp\htdocs\primer_proyecto\system\Validation\StrictRules\Rules.php(206): CodeIgniter\Database\BaseBuilder->get()
#5 C:\xampp\htdocs\primer_proyecto\system\Validation\Validation.php(278): CodeIgniter\Validation\StrictRules\Rules->is_unique('sofibechardo@gm...', 'email', Array, NULL, 'email')
#6 C:\xampp\htdocs\primer_proyecto\system\Validation\Validation.php(182): CodeIgniter\Validation\Validation->processRules('email', 'email', 'sofibechardo@gm...', Array, Array)
#7 C:\xampp\htdocs\primer_proyecto\system\Controller.php(141): CodeIgniter\Validation\Validation->run()
#8 C:\xampp\htdocs\primer_proyecto\app\Controllers\usuario_controller.php(22): CodeIgniter\Controller->validate(Array)
#9 C:\xampp\htdocs\primer_proyecto\system\CodeIgniter.php(932): App\Controllers\usuario_controller->formValidation()
#10 C:\xampp\htdocs\primer_proyecto\system\CodeIgniter.php(497): CodeIgniter\CodeIgniter->runController(Object(App\Controllers\usuario_controller))
#11 C:\xampp\htdocs\primer_proyecto\system\CodeIgniter.php(366): CodeIgniter\CodeIgniter->handleRequest(NULL, Object(Config\Cache), false)
#12 C:\xampp\htdocs\primer_proyecto\index.php(67): CodeIgniter\CodeIgniter->run()
#13 {main}
CRITICAL - 2023-09-21 16:40:57 --> Table 'bechardo_s.usuario' doesn't exist
in SYSTEMPATH\Database\MySQLi\Connection.php on line 295.
 1 SYSTEMPATH\Database\MySQLi\Connection.php(295): mysqli->query('SELECT 1
FROM `usuario`
WHERE `email` = \'sofibechardo@gmail.com\'
 LIMIT 1', 0)
 2 SYSTEMPATH\Database\BaseConnection.php(692): CodeIgniter\Database\MySQLi\Connection->execute('SELECT 1
FROM `usuario`
WHERE `email` = \'sofibechardo@gmail.com\'
 LIMIT 1')
 3 SYSTEMPATH\Database\BaseConnection.php(606): CodeIgniter\Database\BaseConnection->simpleQuery('SELECT 1
FROM `usuario`
WHERE `email` = \'sofibechardo@gmail.com\'
 LIMIT 1')
 4 SYSTEMPATH\Database\BaseBuilder.php(1616): CodeIgniter\Database\BaseConnection->query('SELECT 1
FROM `usuario`
WHERE `email` = :email:
 LIMIT 1', [...], false)
 5 SYSTEMPATH\Validation\StrictRules\Rules.php(206): CodeIgniter\Database\BaseBuilder->get()
 6 SYSTEMPATH\Validation\Validation.php(278): CodeIgniter\Validation\StrictRules\Rules->is_unique('sofibechardo@gmail.com', 'email', [...], null, 'email')
 7 SYSTEMPATH\Validation\Validation.php(182): CodeIgniter\Validation\Validation->processRules('email', 'email', 'sofibechardo@gmail.com', [...], [...])
 8 SYSTEMPATH\Controller.php(141): CodeIgniter\Validation\Validation->run()
 9 APPPATH\Controllers\usuario_controller.php(22): CodeIgniter\Controller->validate([...])
10 SYSTEMPATH\CodeIgniter.php(932): App\Controllers\usuario_controller->formValidation()
11 SYSTEMPATH\CodeIgniter.php(497): CodeIgniter\CodeIgniter->runController(Object(App\Controllers\usuario_controller))
12 SYSTEMPATH\CodeIgniter.php(366): CodeIgniter\CodeIgniter->handleRequest(null, Object(Config\Cache), false)
13 FCPATH\index.php(67): CodeIgniter\CodeIgniter->run()
INFO - 2023-09-21 16:42:31 --> Session: Class initialized using 'CodeIgniter\Session\Handlers\FileHandler' driver.
ERROR - 2023-09-21 16:42:37 --> mysqli_sql_exception: Table 'bechardo_s.usuario' doesn't exist in C:\xampp\htdocs\primer_proyecto\system\Database\MySQLi\Connection.php:295
Stack trace:
#0 C:\xampp\htdocs\primer_proyecto\system\Database\MySQLi\Connection.php(295): mysqli->query('SELECT 1\nFROM `...', 0)
#1 C:\xampp\htdocs\primer_proyecto\system\Database\BaseConnection.php(692): CodeIgniter\Database\MySQLi\Connection->execute('SELECT 1\nFROM `...')
#2 C:\xampp\htdocs\primer_proyecto\system\Database\BaseConnection.php(606): CodeIgniter\Database\BaseConnection->simpleQuery('SELECT 1\nFROM `...')
#3 C:\xampp\htdocs\primer_proyecto\system\Database\BaseBuilder.php(1616): CodeIgniter\Database\BaseConnection->query('SELECT 1\nFROM `...', Array, false)
#4 C:\xampp\htdocs\primer_proyecto\system\Validation\StrictRules\Rules.php(206): CodeIgniter\Database\BaseBuilder->get()
#5 C:\xampp\htdocs\primer_proyecto\system\Validation\Validation.php(278): CodeIgniter\Validation\StrictRules\Rules->is_unique('sofibechardo@gm...', 'email', Array, NULL, 'email')
#6 C:\xampp\htdocs\primer_proyecto\system\Validation\Validation.php(182): CodeIgniter\Validation\Validation->processRules('email', 'email', 'sofibechardo@gm...', Array, Array)
#7 C:\xampp\htdocs\primer_proyecto\system\Controller.php(141): CodeIgniter\Validation\Validation->run()
#8 C:\xampp\htdocs\primer_proyecto\app\Controllers\usuario_controller.php(22): CodeIgniter\Controller->validate(Array)
#9 C:\xampp\htdocs\primer_proyecto\system\CodeIgniter.php(932): App\Controllers\usuario_controller->formValidation()
#10 C:\xampp\htdocs\primer_proyecto\system\CodeIgniter.php(497): CodeIgniter\CodeIgniter->runController(Object(App\Controllers\usuario_controller))
#11 C:\xampp\htdocs\primer_proyecto\system\CodeIgniter.php(366): CodeIgniter\CodeIgniter->handleRequest(NULL, Object(Config\Cache), false)
#12 C:\xampp\htdocs\primer_proyecto\index.php(67): CodeIgniter\CodeIgniter->run()
#13 {main}
CRITICAL - 2023-09-21 16:42:37 --> Table 'bechardo_s.usuario' doesn't exist
in SYSTEMPATH\Database\MySQLi\Connection.php on line 295.
 1 SYSTEMPATH\Database\MySQLi\Connection.php(295): mysqli->query('SELECT 1
FROM `usuario`
WHERE `email` = \'sofibechardo@gmail.com\'
 LIMIT 1', 0)
 2 SYSTEMPATH\Database\BaseConnection.php(692): CodeIgniter\Database\MySQLi\Connection->execute('SELECT 1
FROM `usuario`
WHERE `email` = \'sofibechardo@gmail.com\'
 LIMIT 1')
 3 SYSTEMPATH\Database\BaseConnection.php(606): CodeIgniter\Database\BaseConnection->simpleQuery('SELECT 1
FROM `usuario`
WHERE `email` = \'sofibechardo@gmail.com\'
 LIMIT 1')
 4 SYSTEMPATH\Database\BaseBuilder.php(1616): CodeIgniter\Database\BaseConnection->query('SELECT 1
FROM `usuario`
WHERE `email` = :email:
 LIMIT 1', [...], false)
 5 SYSTEMPATH\Validation\StrictRules\Rules.php(206): CodeIgniter\Database\BaseBuilder->get()
 6 SYSTEMPATH\Validation\Validation.php(278): CodeIgniter\Validation\StrictRules\Rules->is_unique('sofibechardo@gmail.com', 'email', [...], null, 'email')
 7 SYSTEMPATH\Validation\Validation.php(182): CodeIgniter\Validation\Validation->processRules('email', 'email', 'sofibechardo@gmail.com', [...], [...])
 8 SYSTEMPATH\Controller.php(141): CodeIgniter\Validation\Validation->run()
 9 APPPATH\Controllers\usuario_controller.php(22): CodeIgniter\Controller->validate([...])
10 SYSTEMPATH\CodeIgniter.php(932): App\Controllers\usuario_controller->formValidation()
11 SYSTEMPATH\CodeIgniter.php(497): CodeIgniter\CodeIgniter->runController(Object(App\Controllers\usuario_controller))
12 SYSTEMPATH\CodeIgniter.php(366): CodeIgniter\CodeIgniter->handleRequest(null, Object(Config\Cache), false)
13 FCPATH\index.php(67): CodeIgniter\CodeIgniter->run()
INFO - 2023-09-21 16:56:27 --> Session: Class initialized using 'CodeIgniter\Session\Handlers\FileHandler' driver.
ERROR - 2023-09-21 16:56:33 --> mysqli_sql_exception: Table 'bechardo_s.usuario' doesn't exist in C:\xampp\htdocs\primer_proyecto\system\Database\MySQLi\Connection.php:295
Stack trace:
#0 C:\xampp\htdocs\primer_proyecto\system\Database\MySQLi\Connection.php(295): mysqli->query('SELECT 1\nFROM `...', 0)
#1 C:\xampp\htdocs\primer_proyecto\system\Database\BaseConnection.php(692): CodeIgniter\Database\MySQLi\Connection->execute('SELECT 1\nFROM `...')
#2 C:\xampp\htdocs\primer_proyecto\system\Database\BaseConnection.php(606): CodeIgniter\Database\BaseConnection->simpleQuery('SELECT 1\nFROM `...')
#3 C:\xampp\htdocs\primer_proyecto\system\Database\BaseBuilder.php(1616): CodeIgniter\Database\BaseConnection->query('SELECT 1\nFROM `...', Array, false)
#4 C:\xampp\htdocs\primer_proyecto\system\Validation\StrictRules\Rules.php(206): CodeIgniter\Database\BaseBuilder->get()
#5 C:\xampp\htdocs\primer_proyecto\system\Validation\Validation.php(278): CodeIgniter\Validation\StrictRules\Rules->is_unique('sofibechardo@gm...', 'email', Array, NULL, 'email')
#6 C:\xampp\htdocs\primer_proyecto\system\Validation\Validation.php(182): CodeIgniter\Validation\Validation->processRules('email', 'email', 'sofibechardo@gm...', Array, Array)
#7 C:\xampp\htdocs\primer_proyecto\system\Controller.php(141): CodeIgniter\Validation\Validation->run()
#8 C:\xampp\htdocs\primer_proyecto\app\Controllers\usuario_controller.php(22): CodeIgniter\Controller->validate(Array)
#9 C:\xampp\htdocs\primer_proyecto\system\CodeIgniter.php(932): App\Controllers\usuario_controller->formValidation()
#10 C:\xampp\htdocs\primer_proyecto\system\CodeIgniter.php(497): CodeIgniter\CodeIgniter->runController(Object(App\Controllers\usuario_controller))
#11 C:\xampp\htdocs\primer_proyecto\system\CodeIgniter.php(366): CodeIgniter\CodeIgniter->handleRequest(NULL, Object(Config\Cache), false)
#12 C:\xampp\htdocs\primer_proyecto\index.php(67): CodeIgniter\CodeIgniter->run()
#13 {main}
CRITICAL - 2023-09-21 16:56:33 --> Table 'bechardo_s.usuario' doesn't exist
in SYSTEMPATH\Database\MySQLi\Connection.php on line 295.
 1 SYSTEMPATH\Database\MySQLi\Connection.php(295): mysqli->query('SELECT 1
FROM `usuario`
WHERE `email` = \'sofibechardo@gmail.com\'
 LIMIT 1', 0)
 2 SYSTEMPATH\Database\BaseConnection.php(692): CodeIgniter\Database\MySQLi\Connection->execute('SELECT 1
FROM `usuario`
WHERE `email` = \'sofibechardo@gmail.com\'
 LIMIT 1')
 3 SYSTEMPATH\Database\BaseConnection.php(606): CodeIgniter\Database\BaseConnection->simpleQuery('SELECT 1
FROM `usuario`
WHERE `email` = \'sofibechardo@gmail.com\'
 LIMIT 1')
 4 SYSTEMPATH\Database\BaseBuilder.php(1616): CodeIgniter\Database\BaseConnection->query('SELECT 1
FROM `usuario`
WHERE `email` = :email:
 LIMIT 1', [...], false)
 5 SYSTEMPATH\Validation\StrictRules\Rules.php(206): CodeIgniter\Database\BaseBuilder->get()
 6 SYSTEMPATH\Validation\Validation.php(278): CodeIgniter\Validation\StrictRules\Rules->is_unique('sofibechardo@gmail.com', 'email', [...], null, 'email')
 7 SYSTEMPATH\Validation\Validation.php(182): CodeIgniter\Validation\Validation->processRules('email', 'email', 'sofibechardo@gmail.com', [...], [...])
 8 SYSTEMPATH\Controller.php(141): CodeIgniter\Validation\Validation->run()
 9 APPPATH\Controllers\usuario_controller.php(22): CodeIgniter\Controller->validate([...])
10 SYSTEMPATH\CodeIgniter.php(932): App\Controllers\usuario_controller->formValidation()
11 SYSTEMPATH\CodeIgniter.php(497): CodeIgniter\CodeIgniter->runController(Object(App\Controllers\usuario_controller))
12 SYSTEMPATH\CodeIgniter.php(366): CodeIgniter\CodeIgniter->handleRequest(null, Object(Config\Cache), false)
13 FCPATH\index.php(67): CodeIgniter\CodeIgniter->run()
INFO - 2023-09-21 22:47:48 --> Session: Class initialized using 'CodeIgniter\Session\Handlers\FileHandler' driver.
INFO - 2023-09-21 22:47:49 --> Session: Class initialized using 'CodeIgniter\Session\Handlers\FileHandler' driver.
INFO - 2023-09-21 22:47:50 --> Session: Class initialized using 'CodeIgniter\Session\Handlers\FileHandler' driver.
ERROR - 2023-09-21 22:48:04 --> mysqli_sql_exception: Table 'bechardo_s.usuario' doesn't exist in C:\xampp\htdocs\primer_proyecto\system\Database\MySQLi\Connection.php:295
Stack trace:
#0 C:\xampp\htdocs\primer_proyecto\system\Database\MySQLi\Connection.php(295): mysqli->query('SELECT 1\nFROM `...', 0)
#1 C:\xampp\htdocs\primer_proyecto\system\Database\BaseConnection.php(692): CodeIgniter\Database\MySQLi\Connection->execute('SELECT 1\nFROM `...')
#2 C:\xampp\htdocs\primer_proyecto\system\Database\BaseConnection.php(606): CodeIgniter\Database\BaseConnection->simpleQuery('SELECT 1\nFROM `...')
#3 C:\xampp\htdocs\primer_proyecto\system\Database\BaseBuilder.php(1616): CodeIgniter\Database\BaseConnection->query('SELECT 1\nFROM `...', Array, false)
#4 C:\xampp\htdocs\primer_proyecto\system\Validation\StrictRules\Rules.php(206): CodeIgniter\Database\BaseBuilder->get()
#5 C:\xampp\htdocs\primer_proyecto\system\Validation\Validation.php(278): CodeIgniter\Validation\StrictRules\Rules->is_unique('sofibechardo@gm...', 'email', Array, NULL, 'email')
#6 C:\xampp\htdocs\primer_proyecto\system\Validation\Validation.php(182): CodeIgniter\Validation\Validation->processRules('email', 'email', 'sofibechardo@gm...', Array, Array)
#7 C:\xampp\htdocs\primer_proyecto\system\Controller.php(141): CodeIgniter\Validation\Validation->run()
#8 C:\xampp\htdocs\primer_proyecto\app\Controllers\usuario_controller.php(22): CodeIgniter\Controller->validate(Array)
#9 C:\xampp\htdocs\primer_proyecto\system\CodeIgniter.php(932): App\Controllers\usuario_controller->formValidation()
#10 C:\xampp\htdocs\primer_proyecto\system\CodeIgniter.php(497): CodeIgniter\CodeIgniter->runController(Object(App\Controllers\usuario_controller))
#11 C:\xampp\htdocs\primer_proyecto\system\CodeIgniter.php(366): CodeIgniter\CodeIgniter->handleRequest(NULL, Object(Config\Cache), false)
#12 C:\xampp\htdocs\primer_proyecto\index.php(67): CodeIgniter\CodeIgniter->run()
#13 {main}
CRITICAL - 2023-09-21 22:48:04 --> Table 'bechardo_s.usuario' doesn't exist
in SYSTEMPATH\Database\MySQLi\Connection.php on line 295.
 1 SYSTEMPATH\Database\MySQLi\Connection.php(295): mysqli->query('SELECT 1
FROM `usuario`
WHERE `email` = \'sofibechardo@gmail.com\'
 LIMIT 1', 0)
 2 SYSTEMPATH\Database\BaseConnection.php(692): CodeIgniter\Database\MySQLi\Connection->execute('SELECT 1
FROM `usuario`
WHERE `email` = \'sofibechardo@gmail.com\'
 LIMIT 1')
 3 SYSTEMPATH\Database\BaseConnection.php(606): CodeIgniter\Database\BaseConnection->simpleQuery('SELECT 1
FROM `usuario`
WHERE `email` = \'sofibechardo@gmail.com\'
 LIMIT 1')
 4 SYSTEMPATH\Database\BaseBuilder.php(1616): CodeIgniter\Database\BaseConnection->query('SELECT 1
FROM `usuario`
WHERE `email` = :email:
 LIMIT 1', [...], false)
 5 SYSTEMPATH\Validation\StrictRules\Rules.php(206): CodeIgniter\Database\BaseBuilder->get()
 6 SYSTEMPATH\Validation\Validation.php(278): CodeIgniter\Validation\StrictRules\Rules->is_unique('sofibechardo@gmail.com', 'email', [...], null, 'email')
 7 SYSTEMPATH\Validation\Validation.php(182): CodeIgniter\Validation\Validation->processRules('email', 'email', 'sofibechardo@gmail.com', [...], [...])
 8 SYSTEMPATH\Controller.php(141): CodeIgniter\Validation\Validation->run()
 9 APPPATH\Controllers\usuario_controller.php(22): CodeIgniter\Controller->validate([...])
10 SYSTEMPATH\CodeIgniter.php(932): App\Controllers\usuario_controller->formValidation()
11 SYSTEMPATH\CodeIgniter.php(497): CodeIgniter\CodeIgniter->runController(Object(App\Controllers\usuario_controller))
12 SYSTEMPATH\CodeIgniter.php(366): CodeIgniter\CodeIgniter->handleRequest(null, Object(Config\Cache), false)
13 FCPATH\index.php(67): CodeIgniter\CodeIgniter->run()
